<?xml version="1.0" encoding="UTF-8"?>
<!-- Generated by org.testng.reporters.JUnitXMLReporter -->
<testsuite ignored="0" hostname="Jasons-MacBook-Pro.local" failures="1" tests="5" name="TestProject with firefox" time="107.793" errors="0" timestamp="2025-03-16T20:36:32 GMT+07:00">
  <testcase classname="automation.testsuite.Day16_QuanLyKVLV_Test" name="quanLyKhuVucLamViec" time="4.834"/>
  <testcase classname="automation.testsuite.Day16_QuanLyKVLV_Test" name="themKVLV_SaiDinhDang_MaKLV" time="2.199"/>
  <testcase classname="automation.testsuite.Day16_QuanLyKVLV_Test" name="themKVLV_SaiDinhDang_TenKLV" time="1.945"/>
  <testcase classname="automation.testsuite.Day16_AlertTest" name="pressCancelButton" time="40.727">
    <failure type="org.openqa.selenium.TimeoutException" message="Expected condition failed: waiting for visibility of element located by By.id: demo1 (tried for 40 second(s) with 500 milliseconds interval)
Build info: version: &amp;apos;4.27.0&amp;apos;, revision: &amp;apos;d6e718d134&amp;apos;
System info: os.name: &amp;apos;Mac OS X&amp;apos;, os.arch: &amp;apos;x86_64&amp;apos;, os.version: &amp;apos;15.3.2&amp;apos;, java.version: &amp;apos;23.0.1&amp;apos;
Driver info: org.openqa.selenium.firefox.FirefoxDriver
Capabilities {acceptInsecureCerts: true, browserName: firefox, browserVersion: 136.0.1, moz:accessibilityChecks: false, moz:buildID: 20250310180126, moz:debuggerAddress: 127.0.0.1:36580, moz:geckodriverVersion: 0.36.0, moz:headless: false, moz:platformVersion: 24.3.0, moz:processID: 12582, moz:profile: /var/folders/dh/260z2h_j3rs..., moz:shutdownTimeout: 60000, moz:webdriverClick: true, moz:windowless: false, pageLoadStrategy: normal, platformName: mac, proxy: Proxy(), se:cdp: ws://127.0.0.1:36580/devtoo..., se:cdpVersion: 85.0, setWindowRect: true, strictFileInteractability: false, timeouts: {implicit: 0, pageLoad: 300000, script: 30000}, unhandledPromptBehavior: dismiss and notify, userAgent: Mozilla/5.0 (Macintosh; Int...}
Session ID: 2887082d-1aa4-4dfa-a825-f01333b5b76a">
      <![CDATA[org.openqa.selenium.TimeoutException: Expected condition failed: waiting for visibility of element located by By.id: demo1 (tried for 40 second(s) with 500 milliseconds interval)
Build info: version: '4.27.0', revision: 'd6e718d134'
System info: os.name: 'Mac OS X', os.arch: 'x86_64', os.version: '15.3.2', java.version: '23.0.1'
Driver info: org.openqa.selenium.firefox.FirefoxDriver
Capabilities {acceptInsecureCerts: true, browserName: firefox, browserVersion: 136.0.1, moz:accessibilityChecks: false, moz:buildID: 20250310180126, moz:debuggerAddress: 127.0.0.1:36580, moz:geckodriverVersion: 0.36.0, moz:headless: false, moz:platformVersion: 24.3.0, moz:processID: 12582, moz:profile: /var/folders/dh/260z2h_j3rs..., moz:shutdownTimeout: 60000, moz:webdriverClick: true, moz:windowless: false, pageLoadStrategy: normal, platformName: mac, proxy: Proxy(), se:cdp: ws://127.0.0.1:36580/devtoo..., se:cdpVersion: 85.0, setWindowRect: true, strictFileInteractability: false, timeouts: {implicit: 0, pageLoad: 300000, script: 30000}, unhandledPromptBehavior: dismiss and notify, userAgent: Mozilla/5.0 (Macintosh; Int...}
Session ID: 2887082d-1aa4-4dfa-a825-f01333b5b76a
at org.openqa.selenium.support.ui.WebDriverWait.timeoutException(WebDriverWait.java:84)
at org.openqa.selenium.support.ui.FluentWait.until(FluentWait.java:228)
at automation.common.CommonBase.getElementPresentDOM(CommonBase.java:43)
at automation.common.CommonBase.isElementDisplay(CommonBase.java:62)
at automation.testsuite.Day16_AlertTest.pressCancelButton(Day16_AlertTest.java:52)
at java.base/java.util.ArrayList.forEach(ArrayList.java:1597)
... Removed 25 stack frames]]>
    </failure>
  </testcase> <!-- pressCancelButton -->
  <testcase classname="automation.testsuite.Day16_AlertTest" name="pressOkButton" time="0.616"/>
</testsuite> <!-- TestProject with firefox -->
